<?xml version="1.0" encoding="UTF-8"?>
<!-- Generated by org.testng.reporters.JUnitReportReporter -->
<testsuite hostname="Jelenas-MacBook-Pro.local" failures="0" tests="1" name="test_24_09.TestsNikolaTesla" time="5.628" errors="0" timestamp="2021-09-26T13:29:39 CEST" skipped="0">
  <testcase classname="test_24_09.TestsNikolaTesla" name="checkingResultsOfSearch" time="5.628"/>
  <system-out/>
</testsuite> <!-- test_24_09.TestsNikolaTesla -->
