<?xml version="1.0" encoding="UTF-8"?>
<!-- Generated by org.testng.reporters.JUnitReportReporter -->
<testsuite hostname="Jelenas-MacBook-Pro.local" failures="0" tests="5" name="TestNG01.TestNG" time="0.014" errors="0" timestamp="2021-09-23T19:09:24 CEST" skipped="0">
  <testcase classname="TestNG01.TestNG" name="imeIprezimePolaznikaTest211" time="0.005"/>
  <system-out/>
  <testcase classname="TestNG01.TestNG" name="imeIprezimePolaznikaTest2" time="0.002"/>
  <system-out/>
  <testcase classname="TestNG01.TestNG" name="imeIprezimePolaznikaTest1" time="0.002"/>
  <system-out/>
  <testcase classname="TestNG01.TestNG" name="imeIprezimePolaznikaTest4" time="0.002"/>
  <system-out/>
  <testcase classname="TestNG01.TestNG" name="imeIprezimePolaznikaTest3" time="0.003"/>
  <system-out/>
</testsuite> <!-- TestNG01.TestNG -->
