<?xml version="1.0" encoding="UTF-8"?>
<!-- Generated by org.testng.reporters.JUnitReportReporter -->
<testsuite hostname="Jelenas-MacBook-Pro.local" failures="0" tests="2" name="TestNG01_23_09.NikolaTesla2TNG" time="5.582" errors="0" timestamp="2021-09-26T13:26:18 CEST" skipped="0">
  <testcase classname="TestNG01_23_09.NikolaTesla2TNG" name="testGoogle" time="2.344"/>
  <system-out/>
  <testcase classname="TestNG01_23_09.NikolaTesla2TNG" name="testWikipedia" time="3.238"/>
  <system-out/>
</testsuite> <!-- TestNG01_23_09.NikolaTesla2TNG -->
