<?xml version="1.0" encoding="UTF-8"?>
<!-- Generated by org.testng.reporters.JUnitReportReporter -->
<testsuite hostname="Jelenas-MacBook-Pro.local" failures="0" tests="3" name="test_24_09.Tests" time="10.422" errors="0" timestamp="2021-10-12T01:09:04 CEST" skipped="0">
  <testcase classname="test_24_09.Tests" name="successfulLogIn" time="4.454"/>
  <system-out/>
  <testcase classname="test_24_09.Tests" name="incorrectUsername" time="0.676"/>
  <system-out/>
  <testcase classname="test_24_09.Tests" name="incorrectPassword" time="5.292"/>
  <system-out/>
</testsuite> <!-- test_24_09.Tests -->
